# JRE version: OpenJDK Runtime Environment (12.0+33) (build 12+33)
# Java VM: OpenJDK 64-Bit Server VM (12+33, mixed mode, sharing, tiered, compressed oops, g1 gc, windows-amd64)
Heap:
 garbage-first heap   total 45056K, used 25627K [0x0000000702000000, 0x0000000800000000)
  region size 1024K, 11 young (11264K), 3 survivors (3072K)
 Metaspace       used 26346K, capacity 27441K, committed 27696K, reserved 1073152K
  class space    used 3478K, capacity 3875K, committed 3968K, reserved 1048576K
GC Heap History (8 events):
Event: 0.724 GC heap before
{Heap before GC invocations=0 (full 0):
 garbage-first heap   total 260096K, used 23552K [0x0000000702000000, 0x0000000800000000)
  region size 1024K, 24 young (24576K), 0 survivors (0K)
 Metaspace       used 5251K, capacity 7961K, committed 8192K, reserved 1056768K
  class space    used 611K, capacity 916K, committed 1024K, reserved 1048576K
}
Event: 0.727 GC heap after
{Heap after GC invocations=1 (full 0):
 garbage-first heap   total 260096K, used 4295K [0x0000000702000000, 0x0000000800000000)
  region size 1024K, 3 young (3072K), 3 survivors (3072K)
 Metaspace       used 5251K, capacity 7961K, committed 8192K, reserved 1056768K
  class space    used 611K, capacity 916K, committed 1024K, reserved 1048576K
}
Event: 1.811 GC heap before
{Heap before GC invocations=1 (full 0):
 garbage-first heap   total 260096K, used 57543K [0x0000000702000000, 0x0000000800000000)
  region size 1024K, 56 young (57344K), 3 survivors (3072K)
 Metaspace       used 20529K, capacity 21200K, committed 21296K, reserved 1067008K
  class space    used 2659K, capacity 2924K, committed 2944K, reserved 1048576K
}
Event: 1.819 GC heap after
{Heap after GC invocations=2 (full 0):
 garbage-first heap   total 260096K, used 10656K [0x0000000702000000, 0x0000000800000000)
  region size 1024K, 10 young (10240K), 10 survivors (10240K)
 Metaspace       used 20529K, capacity 21200K, committed 21296K, reserved 1067008K
  class space    used 2659K, capacity 2924K, committed 2944K, reserved 1048576K
}
Event: 2.119 GC heap before
{Heap before GC invocations=3 (full 0):
 garbage-first heap   total 45056K, used 27040K [0x0000000702000000, 0x0000000800000000)
  region size 1024K, 26 young (26624K), 10 survivors (10240K)
 Metaspace       used 22744K, capacity 23642K, committed 23856K, reserved 1069056K
  class space    used 3021K, capacity 3372K, committed 3456K, reserved 1048576K
}
Event: 2.127 GC heap after
{Heap after GC invocations=4 (full 0):
 garbage-first heap   total 45056K, used 14675K [0x0000000702000000, 0x0000000800000000)
  region size 1024K, 4 young (4096K), 4 survivors (4096K)
 Metaspace       used 22744K, capacity 23642K, committed 23856K, reserved 1069056K
  class space    used 3021K, capacity 3372K, committed 3456K, reserved 1048576K
}
Event: 45.495 GC heap before
{Heap before GC invocations=4 (full 0):
 garbage-first heap   total 45056K, used 31059K [0x0000000702000000, 0x0000000800000000)
  region size 1024K, 19 young (19456K), 4 survivors (4096K)
 Metaspace       used 25502K, capacity 26451K, committed 26672K, reserved 1073152K
  class space    used 3325K, capacity 3692K, committed 3712K, reserved 1048576K
}
Event: 45.498 GC heap after
{Heap after GC invocations=5 (full 0):
 garbage-first heap   total 45056K, used 18459K [0x0000000702000000, 0x0000000800000000)
  region size 1024K, 3 young (3072K), 3 survivors (3072K)
 Metaspace       used 25502K, capacity 26451K, committed 26672K, reserved 1073152K
  class space    used 3325K, capacity 3692K, committed 3712K, reserved 1048576K
}

