# JRE version: OpenJDK Runtime Environment (12.0+33) (build 12+33)
# Java VM: OpenJDK 64-Bit Server VM (12+33, mixed mode, sharing, tiered, compressed oops, g1 gc, windows-amd64)
Heap:
 garbage-first heap   total 40960K, used 23666K [0x0000000702000000, 0x0000000800000000)
  region size 1024K, 9 young (9216K), 3 survivors (3072K)
 Metaspace       used 26264K, capacity 27378K, committed 27520K, reserved 1073152K
  class space    used 3486K, capacity 3905K, committed 3968K, reserved 1048576K
GC Heap History (8 events):
Event: 0.921 GC heap before
{Heap before GC invocations=0 (full 0):
 garbage-first heap   total 260096K, used 23552K [0x0000000702000000, 0x0000000800000000)
  region size 1024K, 24 young (24576K), 0 survivors (0K)
 Metaspace       used 5227K, capacity 7935K, committed 8192K, reserved 1056768K
  class space    used 600K, capacity 929K, committed 1024K, reserved 1048576K
}
Event: 0.924 GC heap after
{Heap after GC invocations=1 (full 0):
 garbage-first heap   total 260096K, used 3974K [0x0000000702000000, 0x0000000800000000)
  region size 1024K, 3 young (3072K), 3 survivors (3072K)
 Metaspace       used 5227K, capacity 7935K, committed 8192K, reserved 1056768K
  class space    used 600K, capacity 929K, committed 1024K, reserved 1048576K
}
Event: 2.590 GC heap before
{Heap before GC invocations=1 (full 0):
 garbage-first heap   total 260096K, used 57222K [0x0000000702000000, 0x0000000800000000)
  region size 1024K, 56 young (57344K), 3 survivors (3072K)
 Metaspace       used 20577K, capacity 21272K, committed 21296K, reserved 1067008K
  class space    used 2653K, capacity 2920K, committed 2944K, reserved 1048576K
}
Event: 2.600 GC heap after
{Heap after GC invocations=2 (full 0):
 garbage-first heap   total 260096K, used 10678K [0x0000000702000000, 0x0000000800000000)
  region size 1024K, 10 young (10240K), 10 survivors (10240K)
 Metaspace       used 20577K, capacity 21272K, committed 21296K, reserved 1067008K
  class space    used 2653K, capacity 2920K, committed 2944K, reserved 1048576K
}
Event: 2.971 GC heap before
{Heap before GC invocations=3 (full 0):
 garbage-first heap   total 40960K, used 25014K [0x0000000702000000, 0x0000000800000000)
  region size 1024K, 24 young (24576K), 10 survivors (10240K)
 Metaspace       used 22760K, capacity 23627K, committed 23936K, reserved 1069056K
  class space    used 3045K, capacity 3383K, committed 3456K, reserved 1048576K
}
Event: 2.983 GC heap after
{Heap after GC invocations=4 (full 0):
 garbage-first heap   total 40960K, used 13870K [0x0000000702000000, 0x0000000800000000)
  region size 1024K, 3 young (3072K), 3 survivors (3072K)
 Metaspace       used 22760K, capacity 23627K, committed 23936K, reserved 1069056K
  class space    used 3045K, capacity 3383K, committed 3456K, reserved 1048576K
}
Event: 5.146 GC heap before
{Heap before GC invocations=4 (full 0):
 garbage-first heap   total 40960K, used 30254K [0x0000000702000000, 0x0000000800000000)
  region size 1024K, 17 young (17408K), 3 survivors (3072K)
 Metaspace       used 25379K, capacity 26405K, committed 26624K, reserved 1073152K
  class space    used 3346K, capacity 3733K, committed 3840K, reserved 1048576K
}
Event: 5.150 GC heap after
{Heap after GC invocations=5 (full 0):
 garbage-first heap   total 40960K, used 18546K [0x0000000702000000, 0x0000000800000000)
  region size 1024K, 3 young (3072K), 3 survivors (3072K)
 Metaspace       used 25379K, capacity 26405K, committed 26624K, reserved 1073152K
  class space    used 3346K, capacity 3733K, committed 3840K, reserved 1048576K
}

